C:\PROG\BIGATEWAY\RELEASE\BIGATEWAY.PCH
C:\PROG\BIGATEWAY\RELEASE\STDAFX.OBJ
C:\PROG\BIGATEWAY\RELEASE\VC110.PDB
C:\PROG\BIGATEWAY\RELEASE\SIPA.OBJ
C:\PROG\BIGATEWAY\RELEASE\PNETSDK.OBJ
C:\PROG\BIGATEWAY\RELEASE\FIFO.OBJ
C:\PROG\BIGATEWAY\RELEASE\BIGATEWAY.OBJ
C:\PROG\BIGATEWAY\RELEASE\BIGATEWAY.EXE
C:\PROG\BIGATEWAY\RELEASE\BIGATEWAY.PDB
C:\PROG\BiGateWay\Release\BiGateWay.obj
C:\PROG\BiGateWay\Release\fifo.obj
C:\PROG\BiGateWay\Release\pnetsdk.obj
C:\PROG\BiGateWay\Release\sipa.obj
C:\PROG\BiGateWay\Release\stdafx.obj
C:\PROG\BiGateWay\Release\cl.command.1.tlog
C:\PROG\BiGateWay\Release\CL.read.1.tlog
C:\PROG\BiGateWay\Release\CL.write.1.tlog
C:\PROG\BiGateWay\Release\link-cvtres.read.1.tlog
C:\PROG\BiGateWay\Release\link-cvtres.write.1.tlog
C:\PROG\BiGateWay\Release\link-rc.read.1.tlog
C:\PROG\BiGateWay\Release\link-rc.write.1.tlog
C:\PROG\BiGateWay\Release\link.command.1.tlog
C:\PROG\BiGateWay\Release\link.read.1.tlog
C:\PROG\BiGateWay\Release\link.write.1.tlog
C:\PROG\BiGateWay\Release\BiGateWay.pch
C:\PROG\BiGateWay\Release\BiGateWay.pdb
C:\PROG\BiGateWay\Release\vc110.pdb
C:\PROG\BiGateWay\Release\BiGateWay.exe
